#
# A fatal error has been detected by the Java Runtime Environment:
#
#  SIGSEGV (0xb) at pc=0x00007f339935fc0e, pid=28709, tid=139859326793472
#
# JRE version: Java(TM) SE Runtime Environment (7.0_80-b15) (build 1.7.0_80-b15)
# Java VM: Java HotSpot(TM) 64-Bit Server VM (24.80-b11 mixed mode linux-amd64 compressed oops)
# Problematic frame:
# V  [libjvm.so+0x6a9c0e]  JNIHandles::checked_resolve_jmethod_id(_jmethodID*)+0xe
#
# Failed to write core dump. Core dumps have been disabled. To enable core dumping, try "ulimit -c unlimited" before starting Java again
#
# If you would like to submit a bug report, please visit:
#   http://bugreport.java.com/bugreport/crash.jsp
#

---------------  T H R E A D  ---------------

Current thread (0x00007f33940a1000):  JavaThread "JDWP Transport Listener: dt_socket" daemon [_thread_in_vm, id=28728, stack(0x00007f33896df000,0x00007f33897e0000)]

siginfo:si_signo=SIGSEGV: si_errno=0, si_code=128 (), si_addr=0x0000000000000000

Registers:
RAX=0x0000000000000001, RBX=0x00007f33940036d0, RCX=0x00007f339a527320, RDX=0x00007f3399b05de0
RSP=0x00007f33897de790, RBP=0x00007f33897de7a0, RSI=0x00007f33940a1000, RDI=0x65636e6572656665
R8 =0x0000000000000000, R9 =0x00007f335c010bd0, R10=0x0000000000000010, R11=0x00007f3399cb7790
R12=0x0000000000000017, R13=0x65636e6572656665, R14=0x00007f33940a1000, R15=0x00007f33897de8a7
RIP=0x00007f339935fc0e, EFLAGS=0x0000000000010206, CSGSFS=0xffff000000000033, ERR=0x0000000000000000
  TRAPNO=0x000000000000000d

Top of Stack: (sp=0x00007f33897de790)
0x00007f33897de790:   0000000000000074 00007f33940036d0
0x00007f33897de7a0:   00007f33897de810 00007f339935103e
0x00007f33897de7b0:   0000000000000073 00007f33897de7c0
0x00007f33897de7c0:   00007f33940a1000 0000000000000000
0x00007f33897de7d0:   00007f3300000000 0000000000000000
0x00007f33897de7e0:   00007f33897de800 00007f339836e120
0x00007f33897de7f0:   65636e6572656665 00007f33897de8a7
0x00007f33897de800:   0000000000000008 00007f33897de8a7
0x00007f33897de810:   00007f33897de840 00007f3398159472
0x00007f33897de820:   00007f33897de840 65636e6572656665
0x00007f33897de830:   00007f33897de910 0000000000000040
0x00007f33897de840:   00007f33897de8d0 00007f339813aa60
0x00007f33897de850:   00007f33897de888 00007f33897de880
0x00007f33897de860:   00007f33897de878 00007f33897de89c
0x00007f33897de870:   000000015c00c540 0000000000000000
0x00007f33897de880:   0000000000000000 0000000000000000
0x00007f33897de890:   00007f335c014af0 0000000a897de910
0x00007f33897de8a0:   0000000000000009 0000000000000002
0x00007f33897de8b0:   000000000000000f 0000000000000002
0x00007f33897de8c0:   00000000000f0200 000000000000000f
0x00007f33897de8d0:   00007f33897deb20 00007f3398145976
0x00007f33897de8e0:   000018de00000013 00007f33990f0200
0x00007f33897de8f0:   00007f3354000fb0 00007f33940a1000
0x00007f33897de900:   00007f33897de910 00007f33897deaa0
0x00007f33897de910:   00007f335c01c626 00007f33000001a2
0x00007f33897de920:   00007f335c01c170 000000000000012c
0x00007f33897de930:   00007f33897de960 00007f335c01c170
0x00007f33897de940:   0000000000000000 000018de0000001c
0x00007f33897de950:   00007f330000e980 00007f33897de960
0x00007f33897de960:   337f000009000000 12000000300d005c
0x00007f33897de970:   72506e694d746567 7369766944656d69
0x00007f33897de980:   4c2826000000726f 6e616c2f6176616a 

Instructions: (pc=0x00007f339935fc0e)
0x00007f339935fbee:   20 00 e9 52 ff ff ff 90 90 90 90 90 90 90 90 90
0x00007f339935fbfe:   90 90 55 48 89 e5 53 48 83 ec 08 48 85 ff 74 3c
0x00007f339935fc0e:   48 8b 1f 48 85 db 74 34 48 b8 fe fe fe fe fe fe
0x00007f339935fc1e:   fe fe 48 39 c3 74 25 48 8b 05 6c 27 76 00 80 38 

Register to memory mapping:

RAX=0x0000000000000001 is an unknown value
RBX=0x00007f33940036d0 is an unknown value
RCX=0x00007f339a527320: <offset 0x219320> in /lib/x86_64-linux-gnu/libpthread.so.0 at 0x00007f339a30e000
RDX=0x00007f3399b05de0: <offset 0xe4fde0> in /usr/lib/jvm/java-7-oracle/jre/lib/amd64/server/libjvm.so at 0x00007f3398cb6000
RSP=0x00007f33897de790 is pointing into the stack for thread: 0x00007f33940a1000
RBP=0x00007f33897de7a0 is pointing into the stack for thread: 0x00007f33940a1000
RSI=0x00007f33940a1000 is a thread
RDI=0x65636e6572656665 is an unknown value
R8 =0x0000000000000000 is an unknown value
R9 =0x00007f335c010bd0 is an unknown value
R10=0x0000000000000010 is an unknown value
R11=0x00007f3399cb7790: <offset 0x187790> in /lib/x86_64-linux-gnu/libc.so.6 at 0x00007f3399b30000
R12=0x0000000000000017 is an unknown value
R13=0x65636e6572656665 is an unknown value
R14=0x00007f33940a1000 is a thread
R15=0x00007f33897de8a7 is pointing into the stack for thread: 0x00007f33940a1000


Stack: [0x00007f33896df000,0x00007f33897e0000],  sp=0x00007f33897de790,  free space=1021k
Native frames: (J=compiled Java code, j=interpreted, Vv=VM code, C=native code)
V  [libjvm.so+0x6a9c0e]  JNIHandles::checked_resolve_jmethod_id(_jmethodID*)+0xe
V  [libjvm.so+0x69b03e]  jvmti_IsMethodSynthetic+0x23e
C  [libjdwp.so+0x25472]  isMethodSynthetic+0x42
C  [libjdwp.so+0x6a60]  methods1+0x1b0
C  [libjdwp.so+0x11976]  debugLoop_run+0x2b6
C  [libjdwp.so+0x243af]  attachThread+0x2f
V  [libjvm.so+0x6ffad7]  JvmtiAgentThread::call_start_function()+0x97
V  [libjvm.so+0x95bfff]  JavaThread::thread_main_inner()+0xdf
V  [libjvm.so+0x95c105]  JavaThread::run()+0xf5
V  [libjvm.so+0x8238c8]  java_start(Thread*)+0x108


---------------  P R O C E S S  ---------------

Java Threads: ( => current thread )
  0x00007f33940ac000 JavaThread "Service Thread" daemon [_thread_blocked, id=28736, stack(0x00007f33891da000,0x00007f33892db000)]
  0x00007f33940aa000 JavaThread "C2 CompilerThread1" daemon [_thread_blocked, id=28735, stack(0x00007f33892db000,0x00007f33893dc000)]
  0x00007f33940a7000 JavaThread "C2 CompilerThread0" daemon [_thread_blocked, id=28734, stack(0x00007f33893dc000,0x00007f33894dd000)]
  0x00007f335c001000 JavaThread "JDWP Command Reader" daemon [_thread_in_native, id=28730, stack(0x00007f33894dd000,0x00007f33895de000)]
  0x00007f33940a4800 JavaThread "JDWP Event Helper Thread" daemon [_thread_blocked, id=28729, stack(0x00007f33895de000,0x00007f33896df000)]
=>0x00007f33940a1000 JavaThread "JDWP Transport Listener: dt_socket" daemon [_thread_in_vm, id=28728, stack(0x00007f33896df000,0x00007f33897e0000)]
  0x00007f3394093800 JavaThread "Signal Dispatcher" daemon [_thread_blocked, id=28724, stack(0x00007f33899e4000,0x00007f3389ae5000)]
  0x00007f3394073800 JavaThread "Finalizer" daemon [_thread_blocked, id=28723, stack(0x00007f3389ae5000,0x00007f3389be6000)]
  0x00007f3394071800 JavaThread "Reference Handler" daemon [_thread_blocked, id=28722, stack(0x00007f3389be6000,0x00007f3389ce7000)]
  0x00007f339400d000 JavaThread "main" [_thread_blocked, id=28715, stack(0x00007f339a62b000,0x00007f339a72c000)]

Other Threads:
  0x00007f339406d000 VMThread [stack: 0x00007f3389ce7000,0x00007f3389de8000] [id=28721]
  0x00007f33940b7000 WatcherThread [stack: 0x00007f33890d9000,0x00007f33891da000] [id=28737]

VM state:not at safepoint (normal execution)

VM Mutex/Monitor currently owned by a thread: None

Heap
 PSYoungGen      total 35840K, used 1843K [0x00000000d7f00000, 0x00000000da700000, 0x0000000100000000)
  eden space 30720K, 6% used [0x00000000d7f00000,0x00000000d80ccdd8,0x00000000d9d00000)
  from space 5120K, 0% used [0x00000000da200000,0x00000000da200000,0x00000000da700000)
  to   space 5120K, 0% used [0x00000000d9d00000,0x00000000d9d00000,0x00000000da200000)
 ParOldGen       total 81920K, used 0K [0x0000000087e00000, 0x000000008ce00000, 0x00000000d7f00000)
  object space 81920K, 0% used [0x0000000087e00000,0x0000000087e00000,0x000000008ce00000)
 PSPermGen       total 21504K, used 3142K [0x0000000082c00000, 0x0000000084100000, 0x0000000087e00000)
  object space 21504K, 14% used [0x0000000082c00000,0x0000000082f11bd0,0x0000000084100000)

Card table byte_map: [0x00007f338f8d6000,0x00007f338fcc1000] byte_map_base: 0x00007f338f4c0000

Polling page: 0x00007f339a74b000

Code Cache  [0x00007f338fcc1000, 0x00007f338ff31000, 0x00007f3392cc1000)
 total_blobs=166 nmethods=0 adapters=143 free_code_cache=48772Kb largest_free_block=49942976

Compilation events (0 events):
No events

GC Heap History (0 events):
No events

Deoptimization events (0 events):
No events

Internal exceptions (7 events):
Event: 0,041 Thread 0x00007f339400d000 Threw 0x00000000d7f0f178 at /HUDSON/workspace/7u-2-build-linux-amd64/jdk7u80/2329/hotspot/src/share/vm/prims/jni.cpp:3991
Event: 0,275 Thread 0x00007f339400d000 Threw 0x00000000d7f497b0 at /HUDSON/workspace/7u-2-build-linux-amd64/jdk7u80/2329/hotspot/src/share/vm/prims/jvm.cpp:1319
Event: 0,296 Thread 0x00007f339400d000 Threw 0x00000000d7f6b920 at /HUDSON/workspace/7u-2-build-linux-amd64/jdk7u80/2329/hotspot/src/share/vm/prims/jvm.cpp:1319
Event: 0,296 Thread 0x00007f339400d000 Threw 0x00000000d7f6ba48 at /HUDSON/workspace/7u-2-build-linux-amd64/jdk7u80/2329/hotspot/src/share/vm/prims/jvm.cpp:1319
Event: 0,296 Thread 0x00007f339400d000 Threw 0x00000000d7f6dcb8 at /HUDSON/workspace/7u-2-build-linux-amd64/jdk7u80/2329/hotspot/src/share/vm/prims/jvm.cpp:1319
Event: 0,296 Thread 0x00007f339400d000 Threw 0x00000000d7f6dde0 at /HUDSON/workspace/7u-2-build-linux-amd64/jdk7u80/2329/hotspot/src/share/vm/prims/jvm.cpp:1319
Event: 7,974 Thread 0x00007f339400d000 Threw 0x00000000d7f87fa8 at /HUDSON/workspace/7u-2-build-linux-amd64/jdk7u80/2329/hotspot/src/share/vm/prims/jvm.cpp:1319

Events (10 events):
Event: 7,974 loading class 0x00007f33940c6b90
Event: 7,974 loading class 0x00007f33940c6b90 done
Event: 444,793 Executing VM operation: RedefineClasses
Event: 444,793 Executing VM operation: RedefineClasses done
Event: 444,805 Executing VM operation: ChangeBreakpoints
Event: 444,805 Executing VM operation: ChangeBreakpoints done
Event: 444,806 Executing VM operation: ChangeBreakpoints
Event: 444,806 Executing VM operation: ChangeBreakpoints done
Event: 998,486 Executing VM operation: RedefineClasses
Event: 998,486 Executing VM operation: RedefineClasses done


Dynamic libraries:
00400000-00401000 r-xp 00000000 08:06 5908198                            /usr/lib/jvm/java-7-oracle/bin/java
00600000-00601000 rw-p 00000000 08:06 5908198                            /usr/lib/jvm/java-7-oracle/bin/java
00ac5000-00ae6000 rw-p 00000000 00:00 0                                  [heap]
82c00000-84100000 rw-p 00000000 00:00 0 
84100000-87e00000 rw-p 00000000 00:00 0 
87e00000-8ce00000 rw-p 00000000 00:00 0 
8ce00000-d7f00000 rw-p 00000000 00:00 0 
d7f00000-da700000 rw-p 00000000 00:00 0 
da700000-100000000 rw-p 00000000 00:00 0 
7f3344000000-7f3344021000 rw-p 00000000 00:00 0 
7f3344021000-7f3348000000 ---p 00000000 00:00 0 
7f334c000000-7f334c021000 rw-p 00000000 00:00 0 
7f334c021000-7f3350000000 ---p 00000000 00:00 0 
7f3350000000-7f3350021000 rw-p 00000000 00:00 0 
7f3350021000-7f3354000000 ---p 00000000 00:00 0 
7f3354000000-7f3354021000 rw-p 00000000 00:00 0 
7f3354021000-7f3358000000 ---p 00000000 00:00 0 
7f3358000000-7f3358021000 rw-p 00000000 00:00 0 
7f3358021000-7f335c000000 ---p 00000000 00:00 0 
7f335c000000-7f335c02d000 rw-p 00000000 00:00 0 
7f335c02d000-7f3360000000 ---p 00000000 00:00 0 
7f3360000000-7f3360021000 rw-p 00000000 00:00 0 
7f3360021000-7f3364000000 ---p 00000000 00:00 0 
7f3364000000-7f3364021000 rw-p 00000000 00:00 0 
7f3364021000-7f3368000000 ---p 00000000 00:00 0 
7f336c000000-7f336c021000 rw-p 00000000 00:00 0 
7f336c021000-7f3370000000 ---p 00000000 00:00 0 
7f3370000000-7f3370021000 rw-p 00000000 00:00 0 
7f3370021000-7f3374000000 ---p 00000000 00:00 0 
7f3374000000-7f3374021000 rw-p 00000000 00:00 0 
7f3374021000-7f3378000000 ---p 00000000 00:00 0 
7f3378000000-7f3378021000 rw-p 00000000 00:00 0 
7f3378021000-7f337c000000 ---p 00000000 00:00 0 
7f337c000000-7f337c021000 rw-p 00000000 00:00 0 
7f337c021000-7f3380000000 ---p 00000000 00:00 0 
7f3380000000-7f3380021000 rw-p 00000000 00:00 0 
7f3380021000-7f3384000000 ---p 00000000 00:00 0 
7f3384000000-7f3384021000 rw-p 00000000 00:00 0 
7f3384021000-7f3388000000 ---p 00000000 00:00 0 
7f3388e90000-7f33890d9000 rw-p 00000000 00:00 0 
7f33890d9000-7f33890da000 ---p 00000000 00:00 0 
7f33890da000-7f33891da000 rw-p 00000000 00:00 0 
7f33891da000-7f33891dd000 ---p 00000000 00:00 0 
7f33891dd000-7f33892db000 rw-p 00000000 00:00 0 
7f33892db000-7f33892de000 ---p 00000000 00:00 0 
7f33892de000-7f33893dc000 rw-p 00000000 00:00 0 
7f33893dc000-7f33893df000 ---p 00000000 00:00 0 
7f33893df000-7f33894dd000 rw-p 00000000 00:00 0 
7f33894dd000-7f33894e0000 ---p 00000000 00:00 0 
7f33894e0000-7f33895de000 rw-p 00000000 00:00 0 
7f33895de000-7f33895e1000 ---p 00000000 00:00 0 
7f33895e1000-7f33896df000 rw-p 00000000 00:00 0 
7f33896df000-7f33896e2000 ---p 00000000 00:00 0 
7f33896e2000-7f33897e0000 rw-p 00000000 00:00 0 
7f33897e0000-7f33897e4000 r-xp 00000000 08:06 6034715                    /usr/lib/jvm/java-7-oracle/jre/lib/amd64/libdt_socket.so
7f33897e4000-7f33899e3000 ---p 00004000 08:06 6034715                    /usr/lib/jvm/java-7-oracle/jre/lib/amd64/libdt_socket.so
7f33899e3000-7f33899e4000 rw-p 00003000 08:06 6034715                    /usr/lib/jvm/java-7-oracle/jre/lib/amd64/libdt_socket.so
7f33899e4000-7f33899e7000 ---p 00000000 00:00 0 
7f33899e7000-7f3389ae5000 rw-p 00000000 00:00 0 
7f3389ae5000-7f3389ae8000 ---p 00000000 00:00 0 
7f3389ae8000-7f3389be6000 rw-p 00000000 00:00 0 
7f3389be6000-7f3389be9000 ---p 00000000 00:00 0 
7f3389be9000-7f3389ce7000 rw-p 00000000 00:00 0 
7f3389ce7000-7f3389ce8000 ---p 00000000 00:00 0 
7f3389ce8000-7f338ade7000 rw-p 00000000 00:00 0 
7f338ade7000-7f338afa7000 r--s 039fb000 08:06 5908135                    /usr/lib/jvm/java-7-oracle/jre/lib/rt.jar
7f338afa7000-7f338f352000 rw-p 00000000 00:00 0 
7f338f352000-7f338f353000 ---p 00000000 00:00 0 
7f338f353000-7f338f453000 rw-p 00000000 00:00 0 
7f338f453000-7f338f454000 ---p 00000000 00:00 0 
7f338f454000-7f338f554000 rw-p 00000000 00:00 0 
7f338f554000-7f338f555000 ---p 00000000 00:00 0 
7f338f555000-7f338f67d000 rw-p 00000000 00:00 0 
7f338f67d000-7f338f8d6000 rw-p 00000000 00:00 0 
7f338f8d6000-7f338f8e1000 rw-p 00000000 00:00 0 
7f338f8e1000-7f338f8ff000 rw-p 00000000 00:00 0 
7f338f8ff000-7f338f927000 rw-p 00000000 00:00 0 
7f338f927000-7f338fb7f000 rw-p 00000000 00:00 0 
7f338fb7f000-7f338fb94000 rw-p 00000000 00:00 0 
7f338fb94000-7f338fcc0000 rw-p 00000000 00:00 0 
7f338fcc0000-7f338fcc1000 rw-p 00000000 00:00 0 
7f338fcc1000-7f338ff31000 rwxp 00000000 00:00 0 
7f338ff31000-7f3392cc1000 rw-p 00000000 00:00 0 
7f3392cc1000-7f3392cd8000 r-xp 00000000 08:06 6034753                    /usr/lib/jvm/java-7-oracle/jre/lib/amd64/libzip.so
7f3392cd8000-7f3392ed8000 ---p 00017000 08:06 6034753                    /usr/lib/jvm/java-7-oracle/jre/lib/amd64/libzip.so
7f3392ed8000-7f3392ed9000 rw-p 00017000 08:06 6034753                    /usr/lib/jvm/java-7-oracle/jre/lib/amd64/libzip.so
7f3392ed9000-7f3392ee3000 r-xp 00000000 08:06 9437706                    /lib/x86_64-linux-gnu/libnss_files-2.19.so
7f3392ee3000-7f33930e2000 ---p 0000a000 08:06 9437706                    /lib/x86_64-linux-gnu/libnss_files-2.19.so
7f33930e2000-7f33930e3000 r--p 00009000 08:06 9437706                    /lib/x86_64-linux-gnu/libnss_files-2.19.so
7f33930e3000-7f33930e4000 rw-p 0000a000 08:06 9437706                    /lib/x86_64-linux-gnu/libnss_files-2.19.so
7f33930e4000-7f33930ef000 r-xp 00000000 08:06 9437688                    /lib/x86_64-linux-gnu/libnss_nis-2.19.so
7f33930ef000-7f33932ee000 ---p 0000b000 08:06 9437688                    /lib/x86_64-linux-gnu/libnss_nis-2.19.so
7f33932ee000-7f33932ef000 r--p 0000a000 08:06 9437688                    /lib/x86_64-linux-gnu/libnss_nis-2.19.so
7f33932ef000-7f33932f0000 rw-p 0000b000 08:06 9437688                    /lib/x86_64-linux-gnu/libnss_nis-2.19.so
7f33932f0000-7f3393307000 r-xp 00000000 08:06 9437680                    /lib/x86_64-linux-gnu/libnsl-2.19.so
7f3393307000-7f3393506000 ---p 00017000 08:06 9437680                    /lib/x86_64-linux-gnu/libnsl-2.19.so
7f3393506000-7f3393507000 r--p 00016000 08:06 9437680                    /lib/x86_64-linux-gnu/libnsl-2.19.so
7f3393507000-7f3393508000 rw-p 00017000 08:06 9437680                    /lib/x86_64-linux-gnu/libnsl-2.19.so
7f3393508000-7f339350a000 rw-p 00000000 00:00 0 
7f339350a000-7f3393513000 r-xp 00000000 08:06 9437678                    /lib/x86_64-linux-gnu/libnss_compat-2.19.so
7f3393513000-7f3393712000 ---p 00009000 08:06 9437678                    /lib/x86_64-linux-gnu/libnss_compat-2.19.so
7f3393712000-7f3393713000 r--p 00008000 08:06 9437678                    /lib/x86_64-linux-gnu/libnss_compat-2.19.so
7f3393713000-7f3393714000 rw-p 00009000 08:06 9437678                    /lib/x86_64-linux-gnu/libnss_compat-2.19.so
7f3393714000-7f3393dfd000 r--p 00000000 08:06 5774185                    /usr/lib/locale/locale-archive
7f3393dfd000-7f3393dff000 r-xp 00000000 08:06 6034742                    /usr/lib/jvm/java-7-oracle/jre/lib/amd64/libnpt.so
7f3393dff000-7f3393fff000 ---p 00002000 08:06 6034742                    /usr/lib/jvm/java-7-oracle/jre/lib/amd64/libnpt.so
7f3393fff000-7f3394000000 rw-p 00002000 08:06 6034742                    /usr/lib/jvm/java-7-oracle/jre/lib/amd64/libnpt.so
7f3394000000-7f33940f7000 rw-p 00000000 00:00 0 
7f33940f7000-7f3398000000 ---p 00000000 00:00 0 
7f339800a000-7f339800b000 ---p 00000000 00:00 0 
7f339800b000-7f3398116000 rw-p 00000000 00:00 0 
7f3398116000-7f3398134000 rw-p 00000000 00:00 0 
7f3398134000-7f339816d000 r-xp 00000000 08:06 6034729                    /usr/lib/jvm/java-7-oracle/jre/lib/amd64/libjdwp.so
7f339816d000-7f339836d000 ---p 00039000 08:06 6034729                    /usr/lib/jvm/java-7-oracle/jre/lib/amd64/libjdwp.so
7f339836d000-7f339836e000 rw-p 00039000 08:06 6034729                    /usr/lib/jvm/java-7-oracle/jre/lib/amd64/libjdwp.so
7f339836e000-7f339836f000 rw-p 00000000 00:00 0 
7f339836f000-7f3398398000 r-xp 00000000 08:06 6034724                    /usr/lib/jvm/java-7-oracle/jre/lib/amd64/libjava.so
7f3398398000-7f3398598000 ---p 00029000 08:06 6034724                    /usr/lib/jvm/java-7-oracle/jre/lib/amd64/libjava.so
7f3398598000-7f339859a000 rw-p 00029000 08:06 6034724                    /usr/lib/jvm/java-7-oracle/jre/lib/amd64/libjava.so
7f339859a000-7f33985a7000 r-xp 00000000 08:06 6034721                    /usr/lib/jvm/java-7-oracle/jre/lib/amd64/libverify.so
7f33985a7000-7f33987a6000 ---p 0000d000 08:06 6034721                    /usr/lib/jvm/java-7-oracle/jre/lib/amd64/libverify.so
7f33987a6000-7f33987a8000 rw-p 0000c000 08:06 6034721                    /usr/lib/jvm/java-7-oracle/jre/lib/amd64/libverify.so
7f33987a8000-7f33987af000 r-xp 00000000 08:06 9437696                    /lib/x86_64-linux-gnu/librt-2.19.so
7f33987af000-7f33989ae000 ---p 00007000 08:06 9437696                    /lib/x86_64-linux-gnu/librt-2.19.so
7f33989ae000-7f33989af000 r--p 00006000 08:06 9437696                    /lib/x86_64-linux-gnu/librt-2.19.so
7f33989af000-7f33989b0000 rw-p 00007000 08:06 9437696                    /lib/x86_64-linux-gnu/librt-2.19.so
7f33989b0000-7f3398ab5000 r-xp 00000000 08:06 9437668                    /lib/x86_64-linux-gnu/libm-2.19.so
7f3398ab5000-7f3398cb4000 ---p 00105000 08:06 9437668                    /lib/x86_64-linux-gnu/libm-2.19.so
7f3398cb4000-7f3398cb5000 r--p 00104000 08:06 9437668                    /lib/x86_64-linux-gnu/libm-2.19.so
7f3398cb5000-7f3398cb6000 rw-p 00105000 08:06 9437668                    /lib/x86_64-linux-gnu/libm-2.19.so
7f3398cb6000-7f339982c000 r-xp 00000000 08:06 6034763                    /usr/lib/jvm/java-7-oracle/jre/lib/amd64/server/libjvm.so
7f339982c000-7f3399a2b000 ---p 00b76000 08:06 6034763                    /usr/lib/jvm/java-7-oracle/jre/lib/amd64/server/libjvm.so
7f3399a2b000-7f3399aef000 rw-p 00b75000 08:06 6034763                    /usr/lib/jvm/java-7-oracle/jre/lib/amd64/server/libjvm.so
7f3399aef000-7f3399b30000 rw-p 00000000 00:00 0 
7f3399b30000-7f3399cea000 r-xp 00000000 08:06 9437700                    /lib/x86_64-linux-gnu/libc-2.19.so
7f3399cea000-7f3399eea000 ---p 001ba000 08:06 9437700                    /lib/x86_64-linux-gnu/libc-2.19.so
7f3399eea000-7f3399eee000 r--p 001ba000 08:06 9437700                    /lib/x86_64-linux-gnu/libc-2.19.so
7f3399eee000-7f3399ef0000 rw-p 001be000 08:06 9437700                    /lib/x86_64-linux-gnu/libc-2.19.so
7f3399ef0000-7f3399ef5000 rw-p 00000000 00:00 0 
7f3399ef5000-7f3399ef8000 r-xp 00000000 08:06 9437672                    /lib/x86_64-linux-gnu/libdl-2.19.so
7f3399ef8000-7f339a0f7000 ---p 00003000 08:06 9437672                    /lib/x86_64-linux-gnu/libdl-2.19.so
7f339a0f7000-7f339a0f8000 r--p 00002000 08:06 9437672                    /lib/x86_64-linux-gnu/libdl-2.19.so
7f339a0f8000-7f339a0f9000 rw-p 00003000 08:06 9437672                    /lib/x86_64-linux-gnu/libdl-2.19.so
7f339a0f9000-7f339a10e000 r-xp 00000000 08:06 6304048                    /usr/lib/jvm/java-7-oracle/lib/amd64/jli/libjli.so
7f339a10e000-7f339a30d000 ---p 00015000 08:06 6304048                    /usr/lib/jvm/java-7-oracle/lib/amd64/jli/libjli.so
7f339a30d000-7f339a30e000 rw-p 00014000 08:06 6304048                    /usr/lib/jvm/java-7-oracle/lib/amd64/jli/libjli.so
7f339a30e000-7f339a327000 r-xp 00000000 08:06 9437682                    /lib/x86_64-linux-gnu/libpthread-2.19.so
7f339a327000-7f339a526000 ---p 00019000 08:06 9437682                    /lib/x86_64-linux-gnu/libpthread-2.19.so
7f339a526000-7f339a527000 r--p 00018000 08:06 9437682                    /lib/x86_64-linux-gnu/libpthread-2.19.so
7f339a527000-7f339a528000 rw-p 00019000 08:06 9437682                    /lib/x86_64-linux-gnu/libpthread-2.19.so
7f339a528000-7f339a52c000 rw-p 00000000 00:00 0 
7f339a52c000-7f339a54f000 r-xp 00000000 08:06 9437684                    /lib/x86_64-linux-gnu/ld-2.19.so
7f339a56b000-7f339a575000 rw-p 00000000 00:00 0 
7f339a575000-7f339a62b000 rw-p 00000000 00:00 0 
7f339a62b000-7f339a62e000 ---p 00000000 00:00 0 
7f339a62e000-7f339a730000 rw-p 00000000 00:00 0 
7f339a740000-7f339a742000 rw-p 00000000 00:00 0 
7f339a742000-7f339a74a000 rw-s 00000000 08:06 12197791                   /tmp/hsperfdata_gcrem/28709
7f339a74a000-7f339a74b000 rw-p 00000000 00:00 0 
7f339a74b000-7f339a74c000 r--p 00000000 00:00 0 
7f339a74c000-7f339a74e000 rw-p 00000000 00:00 0 
7f339a74e000-7f339a74f000 r--p 00022000 08:06 9437684                    /lib/x86_64-linux-gnu/ld-2.19.so
7f339a74f000-7f339a750000 rw-p 00023000 08:06 9437684                    /lib/x86_64-linux-gnu/ld-2.19.so
7f339a750000-7f339a751000 rw-p 00000000 00:00 0 
7ffdf51c0000-7ffdf51e1000 rw-p 00000000 00:00 0                          [stack]
7ffdf51f1000-7ffdf51f3000 r--p 00000000 00:00 0                          [vvar]
7ffdf51f3000-7ffdf51f5000 r-xp 00000000 00:00 0                          [vdso]
ffffffffff600000-ffffffffff601000 r-xp 00000000 00:00 0                  [vsyscall]

VM Arguments:
jvm_args: -agentlib:jdwp=transport=dt_socket,suspend=y,address=localhost:33938 -Dfile.encoding=UTF-8 
java_command: a_allcontests.projecteuler.n_5_smallest_multiple.Solution
Launcher Type: SUN_STANDARD

Environment Variables:
JAVA_HOME=/usr/lib/jvm/java-8-oracle
PATH=/opt/gradle-3.0/bin:/home/gcrem/arcanist-inst/arcanist/bin:/usr/local/sbin:/usr/local/bin:/usr/sbin:/usr/bin:/sbin:/bin:/usr/games:/usr/local/games:/usr/lib/jvm/java-8-oracle/bin:/usr/lib/jvm/java-8-oracle/db/bin:/usr/lib/jvm/java-8-oracle/jre/bin:/usr/lib/oracle/12.1/client64/bin
SHELL=/bin/bash
DISPLAY=:0

Signal Handlers:
SIGSEGV: [libjvm.so+0x9a3b20], sa_mask[0]=0x7ffbfeff, sa_flags=0x10000004
SIGBUS: [libjvm.so+0x9a3b20], sa_mask[0]=0x7ffbfeff, sa_flags=0x10000004
SIGFPE: [libjvm.so+0x81e740], sa_mask[0]=0x7ffbfeff, sa_flags=0x10000004
SIGPIPE: [libjvm.so+0x81e740], sa_mask[0]=0x7ffbfeff, sa_flags=0x10000004
SIGXFSZ: [libjvm.so+0x81e740], sa_mask[0]=0x7ffbfeff, sa_flags=0x10000004
SIGILL: [libjvm.so+0x81e740], sa_mask[0]=0x7ffbfeff, sa_flags=0x10000004
SIGUSR1: SIG_DFL, sa_mask[0]=0x00000000, sa_flags=0x00000000
SIGUSR2: [libjvm.so+0x81ffb0], sa_mask[0]=0x00000004, sa_flags=0x10000004
SIGHUP: [libjvm.so+0x8210d0], sa_mask[0]=0x7ffbfeff, sa_flags=0x10000004
SIGINT: [libjvm.so+0x8210d0], sa_mask[0]=0x7ffbfeff, sa_flags=0x10000004
SIGTERM: [libjvm.so+0x8210d0], sa_mask[0]=0x7ffbfeff, sa_flags=0x10000004
SIGQUIT: [libjvm.so+0x8210d0], sa_mask[0]=0x7ffbfeff, sa_flags=0x10000004


---------------  S Y S T E M  ---------------

OS:jessie/sid

uname:Linux 4.4.0-45-generic #66~14.04.1-Ubuntu SMP Wed Oct 19 15:05:38 UTC 2016 x86_64
libc:glibc 2.19 NPTL 2.19 
rlimit: STACK 8192k, CORE 0k, NPROC 30638, NOFILE 4096, AS infinity
load average:0,25 0,28 0,27

/proc/meminfo:
MemTotal:        7868204 kB
MemFree:          413420 kB
MemAvailable:    2464260 kB
Buffers:          600400 kB
Cached:          2081532 kB
SwapCached:         3552 kB
Active:          5027544 kB
Inactive:        1801188 kB
Active(anon):    3790164 kB
Inactive(anon):  1113320 kB
Active(file):    1237380 kB
Inactive(file):   687868 kB
Unevictable:         792 kB
Mlocked:             792 kB
SwapTotal:       8388604 kB
SwapFree:        8102184 kB
Dirty:               132 kB
Writeback:             0 kB
AnonPages:       4144976 kB
Mapped:           677536 kB
Shmem:            756516 kB
Slab:             484616 kB
SReclaimable:     430424 kB
SUnreclaim:        54192 kB
KernelStack:       13552 kB
PageTables:        65452 kB
NFS_Unstable:          0 kB
Bounce:                0 kB
WritebackTmp:          0 kB
CommitLimit:    12322704 kB
Committed_AS:   12777976 kB
VmallocTotal:   34359738367 kB
VmallocUsed:           0 kB
VmallocChunk:          0 kB
HardwareCorrupted:     0 kB
AnonHugePages:   1898496 kB
CmaTotal:              0 kB
CmaFree:               0 kB
HugePages_Total:       0
HugePages_Free:        0
HugePages_Rsvd:        0
HugePages_Surp:        0
Hugepagesize:       2048 kB
DirectMap4k:      274956 kB
DirectMap2M:     7802880 kB
DirectMap1G:           0 kB


CPU:total 4 (2 cores per cpu, 2 threads per core) family 6 model 61 stepping 4, cmov, cx8, fxsr, mmx, sse, sse2, sse3, ssse3, sse4.1, sse4.2, popcnt, avx, avx2, aes, erms, ht, tsc, tscinvbit

/proc/cpuinfo:
processor	: 0
vendor_id	: GenuineIntel
cpu family	: 6
model		: 61
model name	: Intel(R) Core(TM) i5-5200U CPU @ 2.20GHz
stepping	: 4
microcode	: 0x21
cpu MHz		: 2499.921
cache size	: 3072 KB
physical id	: 0
siblings	: 4
core id		: 0
cpu cores	: 2
apicid		: 0
initial apicid	: 0
fpu		: yes
fpu_exception	: yes
cpuid level	: 20
wp		: yes
flags		: fpu vme de pse tsc msr pae mce cx8 apic sep mtrr pge mca cmov pat pse36 clflush dts acpi mmx fxsr sse sse2 ss ht tm pbe syscall nx pdpe1gb rdtscp lm constant_tsc arch_perfmon pebs bts rep_good nopl xtopology nonstop_tsc aperfmperf eagerfpu pni pclmulqdq dtes64 monitor ds_cpl vmx est tm2 ssse3 sdbg fma cx16 xtpr pdcm pcid sse4_1 sse4_2 x2apic movbe popcnt tsc_deadline_timer aes xsave avx f16c rdrand lahf_lm abm 3dnowprefetch epb intel_pt tpr_shadow vnmi flexpriority ept vpid fsgsbase tsc_adjust bmi1 avx2 smep bmi2 erms invpcid rdseed adx smap xsaveopt dtherm ida arat pln pts
bugs		:
bogomips	: 4389.82
clflush size	: 64
cache_alignment	: 64
address sizes	: 39 bits physical, 48 bits virtual
power management:

processor	: 1
vendor_id	: GenuineIntel
cpu family	: 6
model		: 61
model name	: Intel(R) Core(TM) i5-5200U CPU @ 2.20GHz
stepping	: 4
microcode	: 0x21
cpu MHz		: 2499.921
cache size	: 3072 KB
physical id	: 0
siblings	: 4
core id		: 0
cpu cores	: 2
apicid		: 1
initial apicid	: 1
fpu		: yes
fpu_exception	: yes
cpuid level	: 20
wp		: yes
flags		: fpu vme de pse tsc msr pae mce cx8 apic sep mtrr pge mca cmov pat pse36 clflush dts acpi mmx fxsr sse sse2 ss ht tm pbe syscall nx pdpe1gb rdtscp lm constant_tsc arch_perfmon pebs bts rep_good nopl xtopology nonstop_tsc aperfmperf eagerfpu pni pclmulqdq dtes64 monitor ds_cpl vmx est tm2 ssse3 sdbg fma cx16 xtpr pdcm pcid sse4_1 sse4_2 x2apic movbe popcnt tsc_deadline_timer aes xsave avx f16c rdrand lahf_lm abm 3dnowprefetch epb intel_pt tpr_shadow vnmi flexpriority ept vpid fsgsbase tsc_adjust bmi1 avx2 smep bmi2 erms invpcid rdseed adx smap xsaveopt dtherm ida arat pln pts
bugs		:
bogomips	: 4389.82
clflush size	: 64
cache_alignment	: 64
address sizes	: 39 bits physical, 48 bits virtual
power management:

processor	: 2
vendor_id	: GenuineIntel
cpu family	: 6
model		: 61
model name	: Intel(R) Core(TM) i5-5200U CPU @ 2.20GHz
stepping	: 4
microcode	: 0x21
cpu MHz		: 2499.921
cache size	: 3072 KB
physical id	: 0
siblings	: 4
core id		: 1
cpu cores	: 2
apicid		: 2
initial apicid	: 2
fpu		: yes
fpu_exception	: yes
cpuid level	: 20
wp		: yes
flags		: fpu vme de pse tsc msr pae mce cx8 apic sep mtrr pge mca cmov pat pse36 clflush dts acpi mmx fxsr sse sse2 ss ht tm pbe syscall nx pdpe1gb rdtscp lm constant_tsc arch_perfmon pebs bts rep_good nopl xtopology nonstop_tsc aperfmperf eagerfpu pni pclmulqdq dtes64 monitor ds_cpl vmx est tm2 ssse3 sdbg fma cx16 xtpr pdcm pcid sse4_1 sse4_2 x2apic movbe popcnt tsc_deadline_timer aes xsave avx f16c rdrand lahf_lm abm 3dnowprefetch epb intel_pt tpr_shadow vnmi flexpriority ept vpid fsgsbase tsc_adjust bmi1 avx2 smep bmi2 erms invpcid rdseed adx smap xsaveopt dtherm ida arat pln pts
bugs		:
bogomips	: 4389.82
clflush size	: 64
cache_alignment	: 64
address sizes	: 39 bits physical, 48 bits virtual
power management:

processor	: 3
vendor_id	: GenuineIntel
cpu family	: 6
model		: 61
model name	: Intel(R) Core(TM) i5-5200U CPU @ 2.20GHz
stepping	: 4
microcode	: 0x21
cpu MHz		: 2499.921
cache size	: 3072 KB
physical id	: 0
siblings	: 4
core id		: 1
cpu cores	: 2
apicid		: 3
initial apicid	: 3
fpu		: yes
fpu_exception	: yes
cpuid level	: 20
wp		: yes
flags		: fpu vme de pse tsc msr pae mce cx8 apic sep mtrr pge mca cmov pat pse36 clflush dts acpi mmx fxsr sse sse2 ss ht tm pbe syscall nx pdpe1gb rdtscp lm constant_tsc arch_perfmon pebs bts rep_good nopl xtopology nonstop_tsc aperfmperf eagerfpu pni pclmulqdq dtes64 monitor ds_cpl vmx est tm2 ssse3 sdbg fma cx16 xtpr pdcm pcid sse4_1 sse4_2 x2apic movbe popcnt tsc_deadline_timer aes xsave avx f16c rdrand lahf_lm abm 3dnowprefetch epb intel_pt tpr_shadow vnmi flexpriority ept vpid fsgsbase tsc_adjust bmi1 avx2 smep bmi2 erms invpcid rdseed adx smap xsaveopt dtherm ida arat pln pts
bugs		:
bogomips	: 4389.82
clflush size	: 64
cache_alignment	: 64
address sizes	: 39 bits physical, 48 bits virtual
power management:



Memory: 4k page, physical 7868204k(413420k free), swap 8388604k(8102184k free)

vm_info: Java HotSpot(TM) 64-Bit Server VM (24.80-b11) for linux-amd64 JRE (1.7.0_80-b15), built on Apr 10 2015 19:53:14 by "java_re" with gcc 4.3.0 20080428 (Red Hat 4.3.0-8)

time: Fri Nov  4 13:00:22 2016
elapsed time: 998 seconds

